<?xml version="1.0" encoding="UTF-8"?>
<!-- Generated by org.testng.reporters.JUnitReportReporter -->
<testsuite hostname="DESKTOP-3EB4RTA" failures="0" tests="3" name="ShirishAcademy.SeleniumFrameworkDesign.StandAloneTest" time="41.758" errors="0" timestamp="2024-02-11T17:30:24 IST" skipped="0">
  <testcase classname="ShirishAcademy.SeleniumFrameworkDesign.StandAloneTest" name="OrderHistoryPage" time="8.226"/>
  <system-out/>
  <testcase classname="ShirishAcademy.SeleniumFrameworkDesign.StandAloneTest" name="SubmitOrder" time="15.831"/>
  <system-out/>
  <testcase classname="ShirishAcademy.SeleniumFrameworkDesign.StandAloneTest" name="SubmitOrder" time="17.701"/>
  <system-out/>
</testsuite> <!-- ShirishAcademy.SeleniumFrameworkDesign.StandAloneTest -->
