<?xml version="1.0" encoding="UTF-8"?>
<!-- Generated by org.testng.reporters.JUnitReportReporter -->
<testsuite hostname="DESKTOP-3EB4RTA" failures="0" tests="1" name="E2E.Flipcart.TestCases" time="18.794" errors="0" timestamp="2024-02-21T10:46:33 IST" skipped="0">
  <testcase classname="E2E.Flipcart.TestCases" name="e2e" time="18.794"/>
  <system-out/>
</testsuite> <!-- E2E.Flipcart.TestCases -->
